WeatherApp_v3/app/build/intermediates/manifest_merge_blame_file/debug/manifest-merger-blame-debug-report.txt
1<?xml version="1.0" encoding="utf-8"?>
2<manifest xmlns:android="http://schemas.android.com/apk/res/android"
3    package="com.weatherapp"
4    android:versionCode="1"
5    android:versionName="1.0" >
6
7    <uses-sdk
8        android:minSdkVersion="21"
8-->src\main\AndroidManifest.xml
9        android:targetSdkVersion="29" />
9-->src\main\AndroidManifest.xml
10
11    <!-- TODO (STEP 1 : For Implementing the API call we need to add the Internet Permission.) -->
12    <!-- START -->
13    <!-- To access the Internet -->
14    <uses-permission android:name="android.permission.INTERNET" />
14-->src\main\AndroidManifest.xml:8:5-67
14-->src\main\AndroidManifest.xml:8:22-64
15    <uses-permission android:name="android.permission.ACCESS_NETWORK_STATE" />
15-->src\main\AndroidManifest.xml:9:5-79
15-->src\main\AndroidManifest.xml:9:22-76
16    <uses-permission android:name="android.permission.ACCESS_WIFI_STATE" />
16-->src\main\AndroidManifest.xml:10:5-76
16-->src\main\AndroidManifest.xml:10:22-73
17    <!-- END -->
18
19
20    <!-- To access the location -->
21    <uses-permission android:name="android.permission.ACCESS_FINE_LOCATION" />
21-->src\main\AndroidManifest.xml:14:5-79
21-->src\main\AndroidManifest.xml:14:22-76
22    <uses-permission android:name="android.permission.ACCESS_COARSE_LOCATION" />
22-->src\main\AndroidManifest.xml:15:5-81
22-->src\main\AndroidManifest.xml:15:22-78
23
24    <application
24-->src\main\AndroidManifest.xml:17:5-35:19
25        android:allowBackup="true"
25-->src\main\AndroidManifest.xml:18:9-35
26        android:appComponentFactory="androidx.core.app.CoreComponentFactory"
26-->[androidx.core:core:1.2.0] AndroidManifest.xml:24:18-86
27        android:debuggable="true"
28        android:icon="@mipmap/ic_launcher"
28-->src\main\AndroidManifest.xml:19:9-43
29        android:label="@string/app_name"
29-->src\main\AndroidManifest.xml:20:9-41
30        android:roundIcon="@mipmap/ic_launcher_round"
30-->src\main\AndroidManifest.xml:21:9-54
31        android:supportsRtl="true"
31-->src\main\AndroidManifest.xml:22:9-35
32        android:testOnly="true"
33        android:theme="@style/AppTheme" >
33-->src\main\AndroidManifest.xml:23:9-40
34        <activity
34-->src\main\AndroidManifest.xml:25:9-33:20
35            android:name="com.weatherapp.activities.MainActivity"
35-->src\main\AndroidManifest.xml:26:13-52
36            android:screenOrientation="portrait" >
36-->src\main\AndroidManifest.xml:27:13-49
37            <intent-filter>
37-->src\main\AndroidManifest.xml:28:13-32:29
38                <action android:name="android.intent.action.MAIN" />
38-->src\main\AndroidManifest.xml:29:17-69
38-->src\main\AndroidManifest.xml:29:25-66
39
40                <category android:name="android.intent.category.LAUNCHER" />
40-->src\main\AndroidManifest.xml:31:17-77
40-->src\main\AndroidManifest.xml:31:27-74
41            </intent-filter>
42        </activity>
43        <activity
43-->[com.karumi:dexter:6.0.1] AndroidManifest.xml:27:9-29:72
44            android:name="com.karumi.dexter.DexterActivity"
44-->[com.karumi:dexter:6.0.1] AndroidManifest.xml:28:13-60
45            android:theme="@style/Dexter.Internal.Theme.Transparent" />
45-->[com.karumi:dexter:6.0.1] AndroidManifest.xml:29:13-69
46        <activity
46-->[com.google.android.gms:play-services-base:17.0.0] AndroidManifest.xml:23:9-26:75
47            android:name="com.google.android.gms.common.api.GoogleApiActivity"
47-->[com.google.android.gms:play-services-base:17.0.0] AndroidManifest.xml:24:13-79
48            android:exported="false"
48-->[com.google.android.gms:play-services-base:17.0.0] AndroidManifest.xml:25:13-37
49            android:theme="@android:style/Theme.Translucent.NoTitleBar" />
49-->[com.google.android.gms:play-services-base:17.0.0] AndroidManifest.xml:26:13-72
50
51        <meta-data
51-->[com.google.android.gms:play-services-basement:17.0.0] AndroidManifest.xml:23:9-25:69
52            android:name="com.google.android.gms.version"
52-->[com.google.android.gms:play-services-basement:17.0.0] AndroidManifest.xml:24:13-58
53            android:value="@integer/google_play_services_version" />
53-->[com.google.android.gms:play-services-basement:17.0.0] AndroidManifest.xml:25:13-66
54    </application>
55
56</manifest>